{"numFailedTestSuites":1,"numFailedTests":1,"numPassedTestSuites":1,"numPassedTests":12,"numPendingTestSuites":0,"numPendingTests":0,"numRuntimeErrorTestSuites":0,"numTodoTests":0,"numTotalTestSuites":2,"numTotalTests":13,"openHandles":[],"snapshot":{"added":0,"didUpdate":false,"failure":false,"filesAdded":0,"filesRemoved":0,"filesRemovedList":[],"filesUnmatched":0,"filesUpdated":0,"matched":0,"total":0,"unchecked":0,"uncheckedKeysByFile":[],"unmatched":0,"updated":0},"startTime":1711503587033,"success":false,"testResults":[{"assertionResults":[{"ancestorTitles":["POST /api/auth/login"],"duration":37,"failureDetails":[],"failureMessages":[],"fullName":"POST /api/auth/login should require a username","invocations":1,"location":null,"numPassingAsserts":2,"retryReasons":[],"status":"passed","title":"should require a username"},{"ancestorTitles":["POST /api/auth/login"],"duration":5,"failureDetails":[],"failureMessages":[],"fullName":"POST /api/auth/login should require a Password","invocations":1,"location":null,"numPassingAsserts":2,"retryReasons":[],"status":"passed","title":"should require a Password"},{"ancestorTitles":["POST /api/auth/login"],"duration":2538,"failureDetails":[],"failureMessages":[],"fullName":"POST /api/auth/login User not found","invocations":1,"location":null,"numPassingAsserts":2,"retryReasons":[],"status":"passed","title":"User not found"},{"ancestorTitles":["POST /api/auth/login"],"duration":254,"failureDetails":[],"failureMessages":[],"fullName":"POST /api/auth/login Invalid Password","invocations":1,"location":null,"numPassingAsserts":2,"retryReasons":[],"status":"passed","title":"Invalid Password"},{"ancestorTitles":["POST /api/auth/login"],"duration":277,"failureDetails":[],"failureMessages":[],"fullName":"POST /api/auth/login successfully loged","invocations":1,"location":null,"numPassingAsserts":2,"retryReasons":[],"status":"passed","title":"successfully loged"}],"endTime":1711503594982,"message":"","name":"C:\\Users\\user\\Desktop\\Test Spera Labs\\Server\\tests\\login.test.js","startTime":1711503587785,"status":"passed","summary":""},{"assertionResults":[{"ancestorTitles":["POST /api/auth/signup"],"duration":36,"failureDetails":[],"failureMessages":[],"fullName":"POST /api/auth/signup should require a firstname","invocations":1,"location":null,"numPassingAsserts":2,"retryReasons":[],"status":"passed","title":"should require a firstname"},{"ancestorTitles":["POST /api/auth/signup"],"duration":5,"failureDetails":[],"failureMessages":[],"fullName":"POST /api/auth/signup should require a lastname","invocations":1,"location":null,"numPassingAsserts":2,"retryReasons":[],"status":"passed","title":"should require a lastname"},{"ancestorTitles":["POST /api/auth/signup"],"duration":4,"failureDetails":[],"failureMessages":[],"fullName":"POST /api/auth/signup should require a email","invocations":1,"location":null,"numPassingAsserts":2,"retryReasons":[],"status":"passed","title":"should require a email"},{"ancestorTitles":["POST /api/auth/signup"],"duration":6,"failureDetails":[],"failureMessages":[],"fullName":"POST /api/auth/signup should require a username","invocations":1,"location":null,"numPassingAsserts":2,"retryReasons":[],"status":"passed","title":"should require a username"},{"ancestorTitles":["POST /api/auth/signup"],"duration":4,"failureDetails":[],"failureMessages":[],"fullName":"POST /api/auth/signup should require a password","invocations":1,"location":null,"numPassingAsserts":2,"retryReasons":[],"status":"passed","title":"should require a password"},{"ancestorTitles":["POST /api/auth/signup"],"duration":3,"failureDetails":[],"failureMessages":[],"fullName":"POST /api/auth/signup should require a password with morethan 5 charectors","invocations":1,"location":null,"numPassingAsserts":2,"retryReasons":[],"status":"passed","title":"should require a password with morethan 5 charectors"},{"ancestorTitles":["POST /api/auth/signup"],"duration":2996,"failureDetails":[],"failureMessages":[],"fullName":"POST /api/auth/signup should User is Already Registered","invocations":1,"location":null,"numPassingAsserts":2,"retryReasons":[],"status":"passed","title":"should User is Already Registered"},{"ancestorTitles":["POST /api/auth/signup"],"duration":208,"failureDetails":[{"matcherResult":{"actual":400,"expected":201,"message":"\u001b[2mexpect(\u001b[22m\u001b[31mreceived\u001b[39m\u001b[2m).\u001b[22mtoEqual\u001b[2m(\u001b[22m\u001b[32mexpected\u001b[39m\u001b[2m) // deep equality\u001b[22m\n\nExpected: \u001b[32m201\u001b[39m\nReceived: \u001b[31m400\u001b[39m","name":"toEqual","pass":false}}],"failureMessages":["Error: \u001b[2mexpect(\u001b[22m\u001b[31mreceived\u001b[39m\u001b[2m).\u001b[22mtoEqual\u001b[2m(\u001b[22m\u001b[32mexpected\u001b[39m\u001b[2m) // deep equality\u001b[22m\n\nExpected: \u001b[32m201\u001b[39m\nReceived: \u001b[31m400\u001b[39m\n    at Object.toEqual (C:\\Users\\user\\Desktop\\Test Spera Labs\\Server\\tests\\auth.test.js:124:33)\n    at processTicksAndRejections (node:internal/process/task_queues:95:5)"],"fullName":"POST /api/auth/signup Successfully registered to the system","invocations":1,"location":null,"numPassingAsserts":0,"retryReasons":[],"status":"failed","title":"Successfully registered to the system"}],"endTime":1711503595155,"message":"\u001b[1m\u001b[31m  \u001b[1m● \u001b[22m\u001b[1mPOST /api/auth/signup › Successfully registered to the system\u001b[39m\u001b[22m\n\n    \u001b[2mexpect(\u001b[22m\u001b[31mreceived\u001b[39m\u001b[2m).\u001b[22mtoEqual\u001b[2m(\u001b[22m\u001b[32mexpected\u001b[39m\u001b[2m) // deep equality\u001b[22m\n\n    Expected: \u001b[32m201\u001b[39m\n    Received: \u001b[31m400\u001b[39m\n\u001b[2m\u001b[22m\n\u001b[2m    \u001b[0m \u001b[90m 122 |\u001b[39m       \u001b[33m.\u001b[39msend(newUser)\u001b[33m;\u001b[39m\u001b[22m\n\u001b[2m     \u001b[90m 123 |\u001b[39m\u001b[22m\n\u001b[2m    \u001b[31m\u001b[1m>\u001b[22m\u001b[2m\u001b[39m\u001b[90m 124 |\u001b[39m     expect(response\u001b[33m.\u001b[39mstatusCode)\u001b[33m.\u001b[39mtoEqual(\u001b[35m201\u001b[39m)\u001b[33m;\u001b[39m\u001b[22m\n\u001b[2m     \u001b[90m     |\u001b[39m                                 \u001b[31m\u001b[1m^\u001b[22m\u001b[2m\u001b[39m\u001b[22m\n\u001b[2m     \u001b[90m 125 |\u001b[39m     expect(response\u001b[33m.\u001b[39mbody)\u001b[33m.\u001b[39mtoEqual({\u001b[22m\n\u001b[2m     \u001b[90m 126 |\u001b[39m       success\u001b[33m:\u001b[39m \u001b[36mtrue\u001b[39m\u001b[33m,\u001b[39m\u001b[22m\n\u001b[2m     \u001b[90m 127 |\u001b[39m       message\u001b[33m:\u001b[39m \u001b[32m\"Registration Successful please login\"\u001b[39m\u001b[33m,\u001b[39m\u001b[0m\u001b[22m\n\u001b[2m\u001b[22m\n\u001b[2m      \u001b[2mat Object.toEqual (\u001b[22m\u001b[2m\u001b[0m\u001b[36mtests/auth.test.js\u001b[39m\u001b[0m\u001b[2m:124:33)\u001b[22m\u001b[2m\u001b[22m\n","name":"C:\\Users\\user\\Desktop\\Test Spera Labs\\Server\\tests\\auth.test.js","startTime":1711503587786,"status":"failed","summary":""}],"wasInterrupted":false}
