{"numFailedTestSuites":2,"numFailedTests":1,"numPassedTestSuites":0,"numPassedTests":7,"numPendingTestSuites":0,"numPendingTests":0,"numRuntimeErrorTestSuites":1,"numTodoTests":0,"numTotalTestSuites":2,"numTotalTests":8,"openHandles":[],"snapshot":{"added":0,"didUpdate":false,"failure":false,"filesAdded":0,"filesRemoved":0,"filesRemovedList":[],"filesUnmatched":0,"filesUpdated":0,"matched":0,"total":0,"unchecked":0,"uncheckedKeysByFile":[],"unmatched":0,"updated":0},"startTime":1711456594970,"success":false,"testResults":[{"assertionResults":[],"coverage":{},"endTime":1711456599872,"message":"  \u001b[1m● \u001b[22mTest suite failed to run\n\n    Route.post() requires a callback function but got a [object Undefined]\n\n    \u001b[0m \u001b[90m 14 |\u001b[39m connectDB()\u001b[33m;\u001b[39m\n     \u001b[90m 15 |\u001b[39m\n    \u001b[31m\u001b[1m>\u001b[22m\u001b[39m\u001b[90m 16 |\u001b[39m app\u001b[33m.\u001b[39mpost(\u001b[32m\"/api/auth/login\"\u001b[39m\u001b[33m,\u001b[39m loginControl)\u001b[33m;\u001b[39m\n     \u001b[90m    |\u001b[39m     \u001b[31m\u001b[1m^\u001b[22m\u001b[39m\n     \u001b[90m 17 |\u001b[39m\n     \u001b[90m 18 |\u001b[39m \u001b[90m//test cases for user login\u001b[39m\n     \u001b[90m 19 |\u001b[39m describe(\u001b[32m\"POST /api/auth/login\"\u001b[39m\u001b[33m,\u001b[39m () \u001b[33m=>\u001b[39m {\u001b[0m\n\n      \u001b[2mat Route.<computed> [as post] (\u001b[22mnode_modules/express/lib/router/route.js\u001b[2m:216:15)\u001b[22m\n      \u001b[2mat Function.app.<computed> [as post] (\u001b[22mnode_modules/express/lib/application.js\u001b[2m:499:19)\u001b[22m\n      \u001b[2mat Object.post (\u001b[22m\u001b[0m\u001b[36mtests/login.test.js\u001b[39m\u001b[0m\u001b[2m:16:5)\u001b[22m\n","name":"C:\\Users\\user\\Desktop\\Test Spera Labs\\Server\\tests\\login.test.js","startTime":1711456599872,"status":"failed","summary":""},{"assertionResults":[{"ancestorTitles":["POST /api/auth/signup"],"duration":34,"failureDetails":[],"failureMessages":[],"fullName":"POST /api/auth/signup should require a firstname","invocations":1,"location":null,"numPassingAsserts":2,"retryReasons":[],"status":"passed","title":"should require a firstname"},{"ancestorTitles":["POST /api/auth/signup"],"duration":4,"failureDetails":[],"failureMessages":[],"fullName":"POST /api/auth/signup should require a lastname","invocations":1,"location":null,"numPassingAsserts":2,"retryReasons":[],"status":"passed","title":"should require a lastname"},{"ancestorTitles":["POST /api/auth/signup"],"duration":3,"failureDetails":[],"failureMessages":[],"fullName":"POST /api/auth/signup should require a email","invocations":1,"location":null,"numPassingAsserts":2,"retryReasons":[],"status":"passed","title":"should require a email"},{"ancestorTitles":["POST /api/auth/signup"],"duration":3,"failureDetails":[],"failureMessages":[],"fullName":"POST /api/auth/signup should require a username","invocations":1,"location":null,"numPassingAsserts":2,"retryReasons":[],"status":"passed","title":"should require a username"},{"ancestorTitles":["POST /api/auth/signup"],"duration":5,"failureDetails":[],"failureMessages":[],"fullName":"POST /api/auth/signup should require a password","invocations":1,"location":null,"numPassingAsserts":2,"retryReasons":[],"status":"passed","title":"should require a password"},{"ancestorTitles":["POST /api/auth/signup"],"duration":4,"failureDetails":[],"failureMessages":[],"fullName":"POST /api/auth/signup should require a password with morethan 5 charectors","invocations":1,"location":null,"numPassingAsserts":2,"retryReasons":[],"status":"passed","title":"should require a password with morethan 5 charectors"},{"ancestorTitles":["POST /api/auth/signup"],"duration":2454,"failureDetails":[],"failureMessages":[],"fullName":"POST /api/auth/signup should User is Already Registered","invocations":1,"location":null,"numPassingAsserts":2,"retryReasons":[],"status":"passed","title":"should User is Already Registered"},{"ancestorTitles":["POST /api/auth/signup"],"duration":217,"failureDetails":[{"matcherResult":{"actual":400,"expected":201,"message":"\u001b[2mexpect(\u001b[22m\u001b[31mreceived\u001b[39m\u001b[2m).\u001b[22mtoEqual\u001b[2m(\u001b[22m\u001b[32mexpected\u001b[39m\u001b[2m) // deep equality\u001b[22m\n\nExpected: \u001b[32m201\u001b[39m\nReceived: \u001b[31m400\u001b[39m","name":"toEqual","pass":false}}],"failureMessages":["Error: \u001b[2mexpect(\u001b[22m\u001b[31mreceived\u001b[39m\u001b[2m).\u001b[22mtoEqual\u001b[2m(\u001b[22m\u001b[32mexpected\u001b[39m\u001b[2m) // deep equality\u001b[22m\n\nExpected: \u001b[32m201\u001b[39m\nReceived: \u001b[31m400\u001b[39m\n    at Object.toEqual (C:\\Users\\user\\Desktop\\Test Spera Labs\\Server\\tests\\auth.test.js:124:33)\n    at processTicksAndRejections (node:internal/process/task_queues:95:5)"],"fullName":"POST /api/auth/signup Successfully registered to the system","invocations":1,"location":null,"numPassingAsserts":0,"retryReasons":[],"status":"failed","title":"Successfully registered to the system"}],"endTime":1711456599331,"message":"\u001b[1m\u001b[31m  \u001b[1m● \u001b[22m\u001b[1mPOST /api/auth/signup › Successfully registered to the system\u001b[39m\u001b[22m\n\n    \u001b[2mexpect(\u001b[22m\u001b[31mreceived\u001b[39m\u001b[2m).\u001b[22mtoEqual\u001b[2m(\u001b[22m\u001b[32mexpected\u001b[39m\u001b[2m) // deep equality\u001b[22m\n\n    Expected: \u001b[32m201\u001b[39m\n    Received: \u001b[31m400\u001b[39m\n\u001b[2m\u001b[22m\n\u001b[2m    \u001b[0m \u001b[90m 122 |\u001b[39m       \u001b[33m.\u001b[39msend(newUser)\u001b[33m;\u001b[39m\u001b[22m\n\u001b[2m     \u001b[90m 123 |\u001b[39m\u001b[22m\n\u001b[2m    \u001b[31m\u001b[1m>\u001b[22m\u001b[2m\u001b[39m\u001b[90m 124 |\u001b[39m     expect(response\u001b[33m.\u001b[39mstatusCode)\u001b[33m.\u001b[39mtoEqual(\u001b[35m201\u001b[39m)\u001b[33m;\u001b[39m\u001b[22m\n\u001b[2m     \u001b[90m     |\u001b[39m                                 \u001b[31m\u001b[1m^\u001b[22m\u001b[2m\u001b[39m\u001b[22m\n\u001b[2m     \u001b[90m 125 |\u001b[39m     expect(response\u001b[33m.\u001b[39mbody)\u001b[33m.\u001b[39mtoEqual({\u001b[22m\n\u001b[2m     \u001b[90m 126 |\u001b[39m       success\u001b[33m:\u001b[39m \u001b[36mtrue\u001b[39m\u001b[33m,\u001b[39m\u001b[22m\n\u001b[2m     \u001b[90m 127 |\u001b[39m       message\u001b[33m:\u001b[39m \u001b[32m\"Registration Successful please login\"\u001b[39m\u001b[33m,\u001b[39m\u001b[0m\u001b[22m\n\u001b[2m\u001b[22m\n\u001b[2m      \u001b[2mat Object.toEqual (\u001b[22m\u001b[2m\u001b[0m\u001b[36mtests/auth.test.js\u001b[39m\u001b[0m\u001b[2m:124:33)\u001b[22m\u001b[2m\u001b[22m\n","name":"C:\\Users\\user\\Desktop\\Test Spera Labs\\Server\\tests\\auth.test.js","startTime":1711456595239,"status":"failed","summary":""}],"wasInterrupted":false}
